\BOOKMARK [0][-]{section*.4}{\315ndice general}{}% 1
\BOOKMARK [0][-]{section*.5}{\315ndice de Figuras}{}% 2
\BOOKMARK [0][-]{section*.6}{List of Tables}{}% 3
\BOOKMARK [0][-]{chapter.1}{Introduction}{}% 4
\BOOKMARK [1][-]{section.1.1}{Justificaci\363n}{chapter.1}% 5
\BOOKMARK [0][-]{chapter.2}{Preliminares}{}% 6
\BOOKMARK [1][-]{section.2.1}{Algoritmos Gen\351ticos}{chapter.2}% 7
\BOOKMARK [1][-]{section.2.2}{Generaci\363n procedural de contenido}{chapter.2}% 8
\BOOKMARK [2][-]{subsection.2.2.1}{PCG en el \341mbito de videojuegos}{section.2.2}% 9
\BOOKMARK [2][-]{subsection.2.2.2}{\301reas de inter\351s de generaci\363n procedural}{section.2.2}% 10
\BOOKMARK [2][-]{subsection.2.2.3}{Dise\361o de niveles}{section.2.2}% 11
\BOOKMARK [2][-]{subsection.2.2.4}{Gr\341ficos}{section.2.2}% 12
\BOOKMARK [2][-]{subsection.2.2.5}{Audio}{section.2.2}% 13
\BOOKMARK [2][-]{subsection.2.2.6}{Narrativa}{section.2.2}% 14
\BOOKMARK [2][-]{subsection.2.2.7}{Reglas y Mec\341nicas}{section.2.2}% 15
\BOOKMARK [2][-]{subsection.2.2.8}{Juegos}{section.2.2}% 16
\BOOKMARK [1][-]{section.2.3}{Jugabilidad}{chapter.2}% 17
\BOOKMARK [1][-]{section.2.4}{Open-Ended Evolution}{chapter.2}% 18
\BOOKMARK [0][-]{chapter.3}{Estado del arte}{}% 19
\BOOKMARK [1][-]{section.3.1}{Competencia IEEE CoG}{chapter.3}% 20
\BOOKMARK [1][-]{section.3.2}{Algoritmos de b\372squeda}{chapter.3}% 21
\BOOKMARK [1][-]{section.3.3}{Agentes para jugar}{chapter.3}% 22
\BOOKMARK [0][-]{chapter.4}{Propuesta del proyecto}{}% 23
\BOOKMARK [1][-]{section.4.1}{Propuesta utilizada}{chapter.4}% 24
\BOOKMARK [2][-]{subsection.4.1.1}{Generar compuestos de piezas base}{section.4.1}% 25
\BOOKMARK [2][-]{subsection.4.1.2}{Generaci\363n de compuestos mediante objetos de clase}{section.4.1}% 26
\BOOKMARK [2][-]{subsection.4.1.3}{Generar niveles utilizando algoritmos gen\351ticos}{section.4.1}% 27
\BOOKMARK [1][-]{section.4.2}{Propuestas anteriores}{chapter.4}% 28
\BOOKMARK [2][-]{subsection.4.2.1}{Propuesta orientada a m\351todos}{section.4.2}% 29
\BOOKMARK [2][-]{subsection.4.2.2}{Regla de tercios}{section.4.2}% 30
\BOOKMARK [0][-]{chapter.5}{Implementacion}{}% 31
\BOOKMARK [1][-]{section.5.1}{Codificando los diccionarios de piezas}{chapter.5}% 32
\BOOKMARK [1][-]{section.5.2}{Creacion de compuestos}{chapter.5}% 33
\BOOKMARK [1][-]{section.5.3}{Definicion de clase auxiliar de individuo}{chapter.5}% 34
\BOOKMARK [1][-]{section.5.4}{Generacion de individuos}{chapter.5}% 35
\BOOKMARK [2][-]{subsection.5.4.1}{Integracion de miembros elite}{section.5.4}% 36
\BOOKMARK [2][-]{subsection.5.4.2}{Operador de seleccion}{section.5.4}% 37
\BOOKMARK [2][-]{subsection.5.4.3}{Operador de cruce}{section.5.4}% 38
\BOOKMARK [2][-]{subsection.5.4.4}{Operador de mutacion}{section.5.4}% 39
\BOOKMARK [2][-]{subsection.5.4.5}{Representacion de individuos}{section.5.4}% 40
\BOOKMARK [2][-]{subsection.5.4.6}{Calculo de fitness}{section.5.4}% 41
\BOOKMARK [2][-]{subsection.5.4.7}{Seleccion de miembros elite}{section.5.4}% 42
\BOOKMARK [0][-]{chapter.6}{Experimentos y Resultados}{}% 43
\BOOKMARK [1][-]{section.6.1}{Generacion de niveles estables}{chapter.6}% 44
\BOOKMARK [2][-]{subsection.6.1.1}{Experimento 1}{section.6.1}% 45
\BOOKMARK [2][-]{subsection.6.1.2}{Experimento 2}{section.6.1}% 46
\BOOKMARK [2][-]{subsection.6.1.3}{Experimento 3}{section.6.1}% 47
\BOOKMARK [1][-]{section.6.2}{Diversidad del contenido ceado}{chapter.6}% 48
\BOOKMARK [0][-]{chapter.7}{Conclusiones y trabajo futuro}{}% 49
\BOOKMARK [1][-]{section.7.1}{Conclusiones}{chapter.7}% 50
\BOOKMARK [1][-]{section.7.2}{Trabajo futuro}{chapter.7}% 51
\BOOKMARK [0][-]{appendix*.37}{Bibliography}{}% 52
\BOOKMARK [0][-]{appendix.A}{}{}% 53
\BOOKMARK [1][-]{section.A.1}{Codigo del sitema}{appendix.A}% 54
\BOOKMARK [2][-]{section*.38}{Codigo principal}{section.A.1}% 55
