This is pdfTeX, Version 3.14159265-2.6-1.40.19 (TeX Live 2018/W32TeX) (preloaded format=pdflatex 2019.2.6)  10 OCT 2019 18:19
entering extended mode
 \write18 enabled.
 file:line:error style messages enabled.
 %&-line parsing enabled.
**d:/Documents/Clonado/Master-Thesis/extras/experimentos/exp_01/main_pdf.tex
(d:/Documents/Clonado/Master-Thesis/extras/experimentos/exp_01/main_pdf.tex
LaTeX2e <2018-12-01>
(d:/Program Files/texlive/2018/texmf-dist/tex/latex/standalone/standalone.cls
Document Class: standalone 2018/03/26 v1.3a Class to compile TeX sub-files standalone
(d:/Program Files/texlive/2018/texmf-dist/tex/latex/tools/shellesc.sty
Package: shellesc 2016/06/07 v0.02a unified shell escape interface for LaTeX
Package shellesc Info: Unrestricted shell escape enabled on input line 67.
) (d:/Program Files/texlive/2018/texmf-dist/tex/generic/oberdiek/ifluatex.sty
Package: ifluatex 2016/05/16 v1.4 Provides the ifluatex switch (HO)
Package ifluatex Info: LuaTeX not detected.
) (d:/Program Files/texlive/2018/texmf-dist/tex/generic/oberdiek/ifpdf.sty
Package: ifpdf 2018/09/07 v3.3 Provides the ifpdf switch
) (d:/Program Files/texlive/2018/texmf-dist/tex/generic/ifxetex/ifxetex.sty
Package: ifxetex 2010/09/12 v0.6 Provides ifxetex conditional
) (d:/Program Files/texlive/2018/texmf-dist/tex/latex/xkeyval/xkeyval.sty
Package: xkeyval 2014/12/03 v2.7a package option processing (HA)
 (d:/Program Files/texlive/2018/texmf-dist/tex/generic/xkeyval/xkeyval.tex (d:/Program Files/texlive/2018/texmf-dist/tex/generic/xkeyval/xkvutils.tex
\XKV@toks=\toks14
\XKV@tempa@toks=\toks15
 (d:/Program Files/texlive/2018/texmf-dist/tex/generic/xkeyval/keyval.tex))
\XKV@depth=\count80
File: xkeyval.tex 2014/12/03 v2.7a key=value parser (HA)
))
\sa@internal=\count81
\c@sapage=\count82
 (d:/Program Files/texlive/2018/texmf-dist/tex/latex/standalone/standalone.cfg
File: standalone.cfg 2018/03/26 v1.3a Default configuration file for 'standalone' class
) (d:/Program Files/texlive/2018/texmf-dist/tex/latex/base/article.cls
Document Class: article 2018/09/03 v1.4i Standard LaTeX document class
(d:/Program Files/texlive/2018/texmf-dist/tex/latex/base/size10.clo
File: size10.clo 2018/09/03 v1.4i Standard LaTeX file (size option)
)
\c@part=\count83
\c@section=\count84
\c@subsection=\count85
\c@subsubsection=\count86
\c@paragraph=\count87
\c@subparagraph=\count88
\c@figure=\count89
\c@table=\count90
\abovecaptionskip=\skip41
\belowcaptionskip=\skip42
\bibindent=\dimen102
)) (d:/Program Files/texlive/2018/texmf-dist/tex/latex/standalone/standalone.sty
Package: standalone 2018/03/26 v1.3a Package to include TeX sub-files with preambles
 (d:/Program Files/texlive/2018/texmf-dist/tex/latex/currfile/currfile.sty
Package: currfile 2015/04/23 v0.7c Provides the file path elements of the current input file
 (d:/Program Files/texlive/2018/texmf-dist/tex/latex/oberdiek/kvoptions.sty
Package: kvoptions 2016/05/16 v3.12 Key value format for package options (HO)
 (d:/Program Files/texlive/2018/texmf-dist/tex/generic/oberdiek/ltxcmds.sty
Package: ltxcmds 2016/05/16 v1.23 LaTeX kernel commands for general use (HO)
) (d:/Program Files/texlive/2018/texmf-dist/tex/generic/oberdiek/kvsetkeys.sty
Package: kvsetkeys 2016/05/16 v1.17 Key value parser (HO)
 (d:/Program Files/texlive/2018/texmf-dist/tex/generic/oberdiek/infwarerr.sty
Package: infwarerr 2016/05/16 v1.4 Providing info/warning/error messages (HO)
) (d:/Program Files/texlive/2018/texmf-dist/tex/generic/oberdiek/etexcmds.sty
Package: etexcmds 2016/05/16 v1.6 Avoid name clashes with e-TeX commands (HO)
Package etexcmds Info: Could not find \expanded.
(etexcmds)             That can mean that you are not using pdfTeX 1.50 or
(etexcmds)             that some package has redefined \expanded.
(etexcmds)             In the latter case, load this package earlier.
))) (d:/Program Files/texlive/2018/texmf-dist/tex/latex/filehook/filehook.sty
Package: filehook 2011/10/12 v0.5d Hooks for input files
)
\c@currfiledepth=\count91
)
\sa@out=\write3
 (d:/Documents/Clonado/Master-Thesis/extras/experimentos/exp_01/main_pdf.sta) (d:/Program Files/texlive/2018/texmf-dist/tex/latex/gincltex/gincltex.sty (d:/Program Files/texlive/2018/texmf-dist/tex/latex/svn-prov/svn-prov.sty
Package: svn-prov 2010/04/24 v3.1862 Package Date/Version from SVN Keywords
)
Package: gincltex 2011/09/04 v0.3 Include external LaTeX files like graphics
 (d:/Program Files/texlive/2018/texmf-dist/tex/latex/adjustbox/adjustbox.sty
Package: adjustbox 2019/01/04 v1.2 Adjusting TeX boxes (trim, clip, ...)
 (d:/Program Files/texlive/2018/texmf-dist/tex/latex/adjustbox/adjcalc.sty
Package: adjcalc 2012/05/16 v1.1 Provides advanced setlength with multiple back-ends (calc, etex, pgfmath)
) (d:/Program Files/texlive/2018/texmf-dist/tex/latex/adjustbox/trimclip.sty
Package: trimclip 2018/04/08 v1.1 Trim and clip general TeX material
 (d:/Program Files/texlive/2018/texmf-dist/tex/latex/graphics/graphicx.sty
Package: graphicx 2017/06/01 v1.1a Enhanced LaTeX Graphics (DPC,SPQR)
 (d:/Program Files/texlive/2018/texmf-dist/tex/latex/graphics/graphics.sty
Package: graphics 2017/06/25 v1.2c Standard LaTeX Graphics (DPC,SPQR)
 (d:/Program Files/texlive/2018/texmf-dist/tex/latex/graphics/trig.sty
Package: trig 2016/01/03 v1.10 sin cos tan (DPC)
) (d:/Program Files/texlive/2018/texmf-dist/tex/latex/graphics-cfg/graphics.cfg
File: graphics.cfg 2016/06/04 v1.11 sample graphics configuration
)
Package graphics Info: Driver file: pdftex.def on input line 99.
 (d:/Program Files/texlive/2018/texmf-dist/tex/latex/graphics-def/pdftex.def
File: pdftex.def 2018/01/08 v1.0l Graphics/color driver for pdftex
))
\Gin@req@height=\dimen103
\Gin@req@width=\dimen104
) (d:/Program Files/texlive/2018/texmf-dist/tex/latex/collectbox/collectbox.sty
Package: collectbox 2012/05/17 v0.4b Collect macro arguments as boxes
\collectedbox=\box27
)
\tc@llx=\dimen105
\tc@lly=\dimen106
\tc@urx=\dimen107
\tc@ury=\dimen108
Package trimclip Info: Using driver 'tc-pdftex.def'.
 (d:/Program Files/texlive/2018/texmf-dist/tex/latex/adjustbox/tc-pdftex.def
File: tc-pdftex.def 2019/01/04 v2.2 Clipping driver for pdftex
))
\adjbox@Width=\dimen109
\adjbox@Height=\dimen110
\adjbox@Depth=\dimen111
\adjbox@Totalheight=\dimen112
\adjbox@pwidth=\dimen113
\adjbox@pheight=\dimen114
\adjbox@pdepth=\dimen115
\adjbox@ptotalheight=\dimen116
 (d:/Program Files/texlive/2018/texmf-dist/tex/latex/ifoddpage/ifoddpage.sty
Package: ifoddpage 2016/04/23 v1.1 Conditionals for odd/even page detection
\c@checkoddpage=\count92
) (d:/Program Files/texlive/2018/texmf-dist/tex/latex/varwidth/varwidth.sty
Package: varwidth 2009/03/30 ver 0.92;  Variable-width minipages
\@vwid@box=\box28
\sift@deathcycles=\count93
\@vwid@loff=\dimen117
\@vwid@roff=\dimen118
))
\gincltex@box=\box29
) (d:/Program Files/texlive/2018/texmf-dist/tex/latex/filemod/filemod-expmin.sty
Package: filemod-expmin 2011/09/19 v1.2 Get and compare file modification times (expandable; minimal)
)) (d:/Program Files/texlive/2018/texmf-dist/tex/latex/import/import.sty
Package: import 2009/03/23  v 5.1
)
d:/Documents/Clonado/Master-Thesis/extras/experimentos/exp_01/main_pdf.tex:12: Undefined control sequence.
l.12 \usetikzlibrary
                    {positioning,shapes,shadows,arrows}
The control sequence at the end of the top line
of your error message was never \def'ed. If you have
misspelled it (e.g., `\hobx'), type `I' and the correct
spelling (e.g., `I\hbox'). Otherwise just continue,
and I'll forget about whatever was undefined.


d:/Documents/Clonado/Master-Thesis/extras/experimentos/exp_01/main_pdf.tex:12: LaTeX Error: Missing \begin{document}.

See the LaTeX manual or LaTeX Companion for explanation.
Type  H <return>  for immediate help.
 ...                                              
                                                  
l.12 \usetikzlibrary{p
                      ositioning,shapes,shadows,arrows}
You're in trouble here.  Try typing  <return>  to proceed.
If that doesn't work, type  X <return>  to quit.

(d:/Documents/Clonado/Master-Thesis/extras/experimentos/exp_01/main_pdf.aux)
\openout1 = `main_pdf.aux'.

LaTeX Font Info:    Checking defaults for OML/cmm/m/it on input line 14.
LaTeX Font Info:    ... okay on input line 14.
LaTeX Font Info:    Checking defaults for T1/cmr/m/n on input line 14.
LaTeX Font Info:    ... okay on input line 14.
LaTeX Font Info:    Checking defaults for OT1/cmr/m/n on input line 14.
LaTeX Font Info:    ... okay on input line 14.
LaTeX Font Info:    Checking defaults for OMS/cmsy/m/n on input line 14.
LaTeX Font Info:    ... okay on input line 14.
LaTeX Font Info:    Checking defaults for OMX/cmex/m/n on input line 14.
LaTeX Font Info:    ... okay on input line 14.
LaTeX Font Info:    Checking defaults for U/cmr/m/n on input line 14.
LaTeX Font Info:    ... okay on input line 14.
 (d:/Documents/Clonado/Master-Thesis/extras/experimentos/exp_01/main_pdf.sta)
\openout3 = `main_pdf.sta'.

 (d:/Program Files/texlive/2018/texmf-dist/tex/context/base/mkii/supp-pdf.mkii
[Loading MPS to PDF converter (version 2006.09.02).]
\scratchcounter=\count94
\scratchdimen=\dimen119
\scratchbox=\box30
\nofMPsegments=\count95
\nofMParguments=\count96
\everyMPshowfont=\toks16
\MPscratchCnt=\count97
\MPscratchDim=\dimen120
\MPnumerator=\count98
\makeMPintoPDFobject=\count99
\everyMPtoPDFconversion=\toks17
) (d:/Program Files/texlive/2018/texmf-dist/tex/latex/oberdiek/epstopdf-base.sty
Package: epstopdf-base 2016/05/15 v2.6 Base part for package epstopdf
 (d:/Program Files/texlive/2018/texmf-dist/tex/latex/oberdiek/grfext.sty
Package: grfext 2016/05/16 v1.2 Manage graphics extensions (HO)
 (d:/Program Files/texlive/2018/texmf-dist/tex/generic/oberdiek/kvdefinekeys.sty
Package: kvdefinekeys 2016/05/16 v1.4 Define keys (HO)
)) (d:/Program Files/texlive/2018/texmf-dist/tex/generic/oberdiek/pdftexcmds.sty
Package: pdftexcmds 2018/09/10 v0.29 Utility functions of pdfTeX for LuaTeX (HO)
Package pdftexcmds Info: LuaTeX not detected.
Package pdftexcmds Info: \pdf@primitive is available.
Package pdftexcmds Info: \pdf@ifprimitive is available.
Package pdftexcmds Info: \pdfdraftmode found.
)
Package epstopdf-base Info: Redefining graphics rule for `.eps' on input line 438.
Package grfext Info: Graphics extension search list:
(grfext)             [.pdf,.png,.jpg,.mps,.jpeg,.jbig2,.jb2,.PDF,.PNG,.JPG,.JPEG,.JBIG2,.JB2,.eps]
(grfext)             \AppendGraphicsExtensions on input line 456.
 (d:/Program Files/texlive/2018/texmf-dist/tex/latex/latexconfig/epstopdf-sys.cfg
File: epstopdf-sys.cfg 2010/07/13 v1.3 Configuration of (r)epstopdf for TeX Live
))
d:/Documents/Clonado/Master-Thesis/extras/experimentos/exp_01/main_pdf.tex:17: Undefined control sequence.
l.17             \subfigure
                           [Resultados de aptitud para el experimento]{%
The control sequence at the end of the top line
of your error message was never \def'ed. If you have
misspelled it (e.g., `\hobx'), type `I' and the correct
spelling (e.g., `I\hbox'). Otherwise just continue,
and I'll forget about whatever was undefined.

<Fitness.png, id=1, 611.28375pt x 307.1475pt>
File: Fitness.png Graphic file (type png)
<use Fitness.png>
Package pdftex.def Info: Fitness.png  used on input line 20.
(pdftex.def)             Requested size: 276.00105pt x 138.67908pt.
d:/Documents/Clonado/Master-Thesis/extras/experimentos/exp_01/main_pdf.tex:22: Undefined control sequence.
<recently read> \subfigure 
                           
l.22             \subfigure
                           [Distancia Hamming promedio en el experimento]{%
The control sequence at the end of the top line
of your error message was never \def'ed. If you have
misspelled it (e.g., `\hobx'), type `I' and the correct
spelling (e.g., `I\hbox'). Otherwise just continue,
and I'll forget about whatever was undefined.

<Hamming.png, id=3, 679.53876pt x 307.1475pt>
File: Hamming.png Graphic file (type png)
<use Hamming.png>
Package pdftex.def Info: Hamming.png  used on input line 25.
(pdftex.def)             Requested size: 276.00105pt x 124.75024pt.
d:/Documents/Clonado/Master-Thesis/extras/experimentos/exp_01/main_pdf.tex:29: Undefined control sequence.
l.29             \subfigure
                           [Mejor individuo de la primera generacion]{%
The control sequence at the end of the top line
of your error message was never \def'ed. If you have
misspelled it (e.g., `\hobx'), type `I' and the correct
spelling (e.g., `I\hbox'). Otherwise just continue,
and I'll forget about whatever was undefined.

(d:/Documents/Clonado/Master-Thesis/extras/experimentos/exp_01/Gen1Ind1Bundle.tex

d:/Documents/Clonado/Master-Thesis/extras/experimentos/exp_01/Gen1Ind1Bundle.tex:1: LaTeX Error: Environment tikzpicture undefined.

See the LaTeX manual or LaTeX Companion for explanation.
Type  H <return>  for immediate help.
 ...                                              
                                                  
l.1 \begin{tikzpicture}
                       
Your command was ignored.
Type  I <command> <return>  to replace it with another command,
or  <return>  to continue without it.

d:/Documents/Clonado/Master-Thesis/extras/experimentos/exp_01/Gen1Ind1Bundle.tex:2: Undefined control sequence.
l.2 \node
          at (0,2) {\includegraphics[width=3cm, trim={0 0 0 60}, clip]{./Gen...
The control sequence at the end of the top line
of your error message was never \def'ed. If you have
misspelled it (e.g., `\hobx'), type `I' and the correct
spelling (e.g., `I\hbox'). Otherwise just continue,
and I'll forget about whatever was undefined.

<./Gen1Ind1_BF.PNG, id=4, 265.74281pt x 213.04594pt>
File: ./Gen1Ind1_BF.PNG Graphic file (type png)
<use ./Gen1Ind1_BF.PNG>
Package pdftex.def Info: ./Gen1Ind1_BF.PNG  used on input line 2.
(pdftex.def)             Requested size: 85.35826pt x 49.08786pt.
d:/Documents/Clonado/Master-Thesis/extras/experimentos/exp_01/Gen1Ind1Bundle.tex:3: Undefined control sequence.
l.3 \node
          at (0,0) {\includegraphics[width=3cm, trim={0 0 0 60}, clip]{./Gen...
The control sequence at the end of the top line
of your error message was never \def'ed. If you have
misspelled it (e.g., `\hobx'), type `I' and the correct
spelling (e.g., `I\hbox'). Otherwise just continue,
and I'll forget about whatever was undefined.

<./Gen1Ind1_AF.PNG, id=6, 295.1025pt x 282.30469pt>
File: ./Gen1Ind1_AF.PNG Graphic file (type png)
<use ./Gen1Ind1_AF.PNG>
Package pdftex.def Info: ./Gen1Ind1_AF.PNG  used on input line 3.
(pdftex.def)             Requested size: 85.35826pt x 64.23537pt.

d:/Documents/Clonado/Master-Thesis/extras/experimentos/exp_01/Gen1Ind1Bundle.tex:5: LaTeX Error: \begin{center} on input line 16 ended by \end{tikzpicture}.

See the LaTeX manual or LaTeX Companion for explanation.
Type  H <return>  for immediate help.
 ...                                              
                                                  
l.5 \end{tikzpicture}
                     
Your command was ignored.
Type  I <command> <return>  to replace it with another command,
or  <return>  to continue without it.

)
d:/Documents/Clonado/Master-Thesis/extras/experimentos/exp_01/main_pdf.tex:33: Undefined control sequence.
l.33             \subfigure
                           [Peor individuo de la primera generacion]{%
The control sequence at the end of the top line
of your error message was never \def'ed. If you have
misspelled it (e.g., `\hobx'), type `I' and the correct
spelling (e.g., `I\hbox'). Otherwise just continue,
and I'll forget about whatever was undefined.

(d:/Documents/Clonado/Master-Thesis/extras/experimentos/exp_01/Gen1WorstBundle.tex

d:/Documents/Clonado/Master-Thesis/extras/experimentos/exp_01/Gen1WorstBundle.tex:1: LaTeX Error: Environment tikzpicture undefined.

See the LaTeX manual or LaTeX Companion for explanation.
Type  H <return>  for immediate help.
 ...                                              
                                                  
l.1 \begin{tikzpicture}
                       
Your command was ignored.
Type  I <command> <return>  to replace it with another command,
or  <return>  to continue without it.

d:/Documents/Clonado/Master-Thesis/extras/experimentos/exp_01/Gen1WorstBundle.tex:2: Undefined control sequence.
l.2 \node
          at (0,2) {\includegraphics[width=3cm, trim={0 0 0 60}, clip]{Gen1W...
The control sequence at the end of the top line
of your error message was never \def'ed. If you have
misspelled it (e.g., `\hobx'), type `I' and the correct
spelling (e.g., `I\hbox'). Otherwise just continue,
and I'll forget about whatever was undefined.

<Gen1Worst_Before.PNG, id=8, 319.1925pt x 280.79906pt>
File: Gen1Worst_Before.PNG Graphic file (type png)
<use Gen1Worst_Before.PNG>
Package pdftex.def Info: Gen1Worst_Before.PNG  used on input line 2.
(pdftex.def)             Requested size: 85.35826pt x 58.98358pt.
d:/Documents/Clonado/Master-Thesis/extras/experimentos/exp_01/Gen1WorstBundle.tex:3: Undefined control sequence.
l.3 \node
          at (0,0) {\includegraphics[width=3cm, trim={0 0 0 60}, clip]{Gen1W...
The control sequence at the end of the top line
of your error message was never \def'ed. If you have
misspelled it (e.g., `\hobx'), type `I' and the correct
spelling (e.g., `I\hbox'). Otherwise just continue,
and I'll forget about whatever was undefined.

<Gen1Worst_After.PNG, id=10, 283.81032pt x 196.48407pt>
File: Gen1Worst_After.PNG Graphic file (type png)
<use Gen1Worst_After.PNG>
Package pdftex.def Info: Gen1Worst_After.PNG  used on input line 3.
(pdftex.def)             Requested size: 85.35826pt x 40.97986pt.

d:/Documents/Clonado/Master-Thesis/extras/experimentos/exp_01/Gen1WorstBundle.tex:5: LaTeX Error: \begin{center} on input line 16 ended by \end{tikzpicture}.

See the LaTeX manual or LaTeX Companion for explanation.
Type  H <return>  for immediate help.
 ...                                              
                                                  
l.5 \end{tikzpicture}
                     
Your command was ignored.
Type  I <command> <return>  to replace it with another command,
or  <return>  to continue without it.

)
Overfull \hbox (178.65558pt too wide) in paragraph at lines 29--37
 [] 
 []


Overfull \hbox (178.65558pt too wide) in paragraph at lines 29--37
 [] 
 []


Overfull \vbox (43.36722pt too high) has occurred while \output is active []

 [1

{d:/Program Files/texlive/2018/texmf-var/fonts/map/pdftex/updmap/pdftex.map} <./Gen1Ind1_BF.PNG> <./Gen1Ind1_AF.PNG> <d:/Documents/Clonado/Master-Thesis/extras/experimentos/exp_01/Gen1Worst_Before.PNG> <d:/Documents/Clonado/Master-Thesis/extras/experimentos/exp_01/Gen1Worst_After.PNG> <d:/Documents/Clonado/Master-Thesis/extras/experimentos/exp_01/Fitness.png> <d:/Documents/Clonado/Master-Thesis/extras/experimentos/exp_01/Hamming.png>] (d:/Documents/Clonado/Master-Thesis/extras/experimentos/exp_01/main_pdf.aux)

LaTeX Warning: Label(s) may have changed. Rerun to get cross-references right.

 ) 
Here is how much of TeX's memory you used:
 3120 strings out of 492616
 53206 string characters out of 6126092
 112538 words of memory out of 5000000
 6962 multiletter control sequences out of 15000+600000
 3640 words of font info for 14 fonts, out of 8000000 for 9000
 1141 hyphenation exceptions out of 8191
 66i,5n,56p,384b,326s stack positions out of 5000i,500n,10000p,200000b,80000s
<d:/Program Files/texlive/2018/texmf-dist/fonts/type1/public/amsfonts/cm/cmr10.pfb>
Output written on d:/Documents/Clonado/Master-Thesis/extras/experimentos/exp_01/main_pdf.pdf (1 page, 178081 bytes).
PDF statistics:
 33 PDF objects out of 1000 (max. 8388607)
 12 compressed objects within 1 object stream
 0 named destinations out of 1000 (max. 500000)
 55 words of extra memory for PDF output out of 10000 (max. 10000000)

